Started GET "/" for 127.0.0.1 at 2017-03-03 15:45:48 +1100
Processing by PagesController#index as HTML
  Rendering pages/index.html.erb within layouts/application
  Rendered pages/index.html.erb within layouts/application (0.7ms)
Completed 200 OK in 674ms (Views: 663.6ms | ActiveRecord: 0.0ms)


Started GET "/" for 127.0.0.1 at 2017-03-03 15:45:58 +1100
Processing by PagesController#index as HTML
  Rendering pages/index.html.erb within layouts/application
  Rendered pages/index.html.erb within layouts/application (0.3ms)
Completed 200 OK in 33ms (Views: 32.0ms | ActiveRecord: 0.0ms)


Started GET "/" for 127.0.0.1 at 2017-03-03 15:49:54 +1100
Processing by PagesController#index as HTML
  Rendering pages/index.html.erb within layouts/application
  Rendered pages/index.html.erb within layouts/application (0.4ms)
Completed 200 OK in 50ms (Views: 49.4ms | ActiveRecord: 0.0ms)


Started GET "/" for 127.0.0.1 at 2017-03-03 15:52:19 +1100
Processing by PagesController#index as HTML
  Rendering pages/index.html.erb within layouts/application
  Rendered pages/index.html.erb within layouts/application (0.4ms)
Completed 200 OK in 42ms (Views: 40.8ms | ActiveRecord: 0.0ms)


Started GET "/" for 127.0.0.1 at 2017-03-03 15:52:30 +1100
Processing by PagesController#index as HTML
  Rendering pages/index.html.erb within layouts/application
  Rendered pages/index.html.erb within layouts/application (0.4ms)
Completed 200 OK in 40ms (Views: 39.6ms | ActiveRecord: 0.0ms)


Started GET "/" for 127.0.0.1 at 2017-03-03 15:52:50 +1100
Processing by PagesController#index as HTML
  Rendering pages/index.html.erb within layouts/application
  Rendered pages/index.html.erb within layouts/application (0.4ms)
Completed 200 OK in 33ms (Views: 32.7ms | ActiveRecord: 0.0ms)


Started GET "/" for 127.0.0.1 at 2017-03-03 15:53:07 +1100
Processing by PagesController#index as HTML
  Rendering pages/index.html.erb within layouts/application
  Rendered pages/index.html.erb within layouts/application (0.4ms)
Completed 200 OK in 34ms (Views: 32.7ms | ActiveRecord: 0.0ms)


Started GET "/" for 127.0.0.1 at 2017-03-03 15:54:12 +1100
Processing by PagesController#index as HTML
  Rendering pages/index.html.erb within layouts/application
  Rendered pages/index.html.erb within layouts/application (0.3ms)
Completed 200 OK in 59ms (Views: 58.5ms | ActiveRecord: 0.0ms)


Started GET "/" for 127.0.0.1 at 2017-03-03 16:00:29 +1100
Processing by PagesController#index as HTML
  Rendering pages/index.html.erb within layouts/application
  Rendered pages/index.html.erb within layouts/application (0.4ms)
Completed 200 OK in 16ms (Views: 15.1ms | ActiveRecord: 0.0ms)


Started GET "/" for 127.0.0.1 at 2017-03-03 16:00:52 +1100
Processing by PagesController#index as HTML
  Rendering pages/index.html.erb within layouts/application
  Rendered pages/index.html.erb within layouts/application (0.5ms)
Completed 200 OK in 44ms (Views: 43.3ms | ActiveRecord: 0.0ms)


Started GET "/" for 127.0.0.1 at 2017-03-03 16:03:48 +1100
Processing by PagesController#index as HTML
  Rendering pages/index.html.erb within layouts/application
  Rendered pages/index.html.erb within layouts/application (0.4ms)
Completed 200 OK in 81ms (Views: 80.4ms | ActiveRecord: 0.0ms)


Started GET "/img/wov.png" for 127.0.0.1 at 2017-03-03 16:03:48 +1100
  
ActionController::RoutingError (No route matches [GET] "/img/wov.png"):
  
actionpack (5.0.2) lib/action_dispatch/middleware/debug_exceptions.rb:53:in `call'
web-console (3.4.0) lib/web_console/middleware.rb:135:in `call_app'
web-console (3.4.0) lib/web_console/middleware.rb:28:in `block in call'
web-console (3.4.0) lib/web_console/middleware.rb:18:in `catch'
web-console (3.4.0) lib/web_console/middleware.rb:18:in `call'
actionpack (5.0.2) lib/action_dispatch/middleware/show_exceptions.rb:31:in `call'
railties (5.0.2) lib/rails/rack/logger.rb:36:in `call_app'
railties (5.0.2) lib/rails/rack/logger.rb:24:in `block in call'
activesupport (5.0.2) lib/active_support/tagged_logging.rb:69:in `block in tagged'
activesupport (5.0.2) lib/active_support/tagged_logging.rb:26:in `tagged'
activesupport (5.0.2) lib/active_support/tagged_logging.rb:69:in `tagged'
railties (5.0.2) lib/rails/rack/logger.rb:24:in `call'
sprockets-rails (3.2.0) lib/sprockets/rails/quiet_assets.rb:13:in `call'
actionpack (5.0.2) lib/action_dispatch/middleware/request_id.rb:24:in `call'
rack (2.0.1) lib/rack/method_override.rb:22:in `call'
rack (2.0.1) lib/rack/runtime.rb:22:in `call'
activesupport (5.0.2) lib/active_support/cache/strategy/local_cache_middleware.rb:28:in `call'
actionpack (5.0.2) lib/action_dispatch/middleware/executor.rb:12:in `call'
actionpack (5.0.2) lib/action_dispatch/middleware/static.rb:136:in `call'
rack (2.0.1) lib/rack/sendfile.rb:111:in `call'
railties (5.0.2) lib/rails/engine.rb:522:in `call'
puma (3.7.1) lib/puma/configuration.rb:232:in `call'
puma (3.7.1) lib/puma/server.rb:578:in `handle_request'
puma (3.7.1) lib/puma/server.rb:415:in `process_client'
puma (3.7.1) lib/puma/server.rb:275:in `block in run'
puma (3.7.1) lib/puma/thread_pool.rb:120:in `block in spawn_thread'
  Rendering /home/aj/.rvm/gems/ruby-2.4.0/gems/actionpack-5.0.2/lib/action_dispatch/middleware/templates/rescues/routing_error.html.erb within rescues/layout
  Rendering /home/aj/.rvm/gems/ruby-2.4.0/gems/actionpack-5.0.2/lib/action_dispatch/middleware/templates/rescues/_trace.html.erb
  Rendered /home/aj/.rvm/gems/ruby-2.4.0/gems/actionpack-5.0.2/lib/action_dispatch/middleware/templates/rescues/_trace.html.erb (14.1ms)
  Rendered collection of /home/aj/.rvm/gems/ruby-2.4.0/gems/actionpack-5.0.2/lib/action_dispatch/middleware/templates/routes/_route.html.erb [2 times] (1.2ms)
  Rendered /home/aj/.rvm/gems/ruby-2.4.0/gems/actionpack-5.0.2/lib/action_dispatch/middleware/templates/routes/_table.html.erb (11.4ms)
  Rendering /home/aj/.rvm/gems/ruby-2.4.0/gems/actionpack-5.0.2/lib/action_dispatch/middleware/templates/rescues/_request_and_response.html.erb
  Rendered /home/aj/.rvm/gems/ruby-2.4.0/gems/actionpack-5.0.2/lib/action_dispatch/middleware/templates/rescues/_request_and_response.html.erb (0.9ms)
  Rendered /home/aj/.rvm/gems/ruby-2.4.0/gems/actionpack-5.0.2/lib/action_dispatch/middleware/templates/rescues/routing_error.html.erb within rescues/layout (48.8ms)
Started GET "/" for 127.0.0.1 at 2017-03-03 16:04:06 +1100
Processing by PagesController#index as HTML
  Rendering pages/index.html.erb within layouts/application
  Rendered pages/index.html.erb within layouts/application (0.4ms)
Completed 200 OK in 24ms (Views: 23.5ms | ActiveRecord: 0.0ms)


Started GET "/" for 127.0.0.1 at 2017-03-03 16:04:17 +1100
Processing by PagesController#index as HTML
  Rendering pages/index.html.erb within layouts/application
  Rendered pages/index.html.erb within layouts/application (0.4ms)
Completed 200 OK in 30ms (Views: 29.3ms | ActiveRecord: 0.0ms)


Started GET "/" for 127.0.0.1 at 2017-03-03 16:04:25 +1100
Processing by PagesController#index as HTML
  Rendering pages/index.html.erb within layouts/application
  Rendered pages/index.html.erb within layouts/application (0.4ms)
Completed 200 OK in 41ms (Views: 40.4ms | ActiveRecord: 0.0ms)


Started GET "/" for 127.0.0.1 at 2017-03-03 16:06:55 +1100
Processing by PagesController#index as HTML
  Rendering pages/index.html.erb within layouts/application
  Rendered pages/index.html.erb within layouts/application (0.4ms)
Completed 200 OK in 19ms (Views: 18.5ms | ActiveRecord: 0.0ms)


Started GET "/" for 127.0.0.1 at 2017-03-03 16:07:26 +1100
Processing by PagesController#index as HTML
  Rendering pages/index.html.erb within layouts/application
  Rendered pages/index.html.erb within layouts/application (0.4ms)
Completed 200 OK in 34ms (Views: 32.7ms | ActiveRecord: 0.0ms)


Started GET "/" for 127.0.0.1 at 2017-03-03 16:07:52 +1100
Processing by PagesController#index as HTML
  Rendering pages/index.html.erb within layouts/application
  Rendered pages/index.html.erb within layouts/application (0.4ms)
Completed 200 OK in 63ms (Views: 62.0ms | ActiveRecord: 0.0ms)


Started GET "/" for 127.0.0.1 at 2017-03-03 16:08:10 +1100
Processing by PagesController#index as HTML
  Rendering pages/index.html.erb within layouts/application
  Rendered pages/index.html.erb within layouts/application (0.4ms)
Completed 200 OK in 61ms (Views: 59.7ms | ActiveRecord: 0.0ms)


Started GET "/" for 127.0.0.1 at 2017-03-03 16:08:33 +1100
Processing by PagesController#index as HTML
  Rendering pages/index.html.erb within layouts/application
  Rendered pages/index.html.erb within layouts/application (0.7ms)
Completed 200 OK in 49ms (Views: 48.6ms | ActiveRecord: 0.0ms)


Started GET "/" for 127.0.0.1 at 2017-03-03 16:08:42 +1100
Processing by PagesController#index as HTML
  Rendering pages/index.html.erb within layouts/application
  Rendered pages/index.html.erb within layouts/application (0.4ms)
Completed 200 OK in 51ms (Views: 50.5ms | ActiveRecord: 0.0ms)


Started GET "/" for 127.0.0.1 at 2017-03-03 16:08:58 +1100
Processing by PagesController#index as HTML
  Rendering pages/index.html.erb within layouts/application
  Rendered pages/index.html.erb within layouts/application (0.4ms)
Completed 200 OK in 43ms (Views: 42.2ms | ActiveRecord: 0.0ms)


Started GET "/" for 127.0.0.1 at 2017-03-03 16:09:46 +1100
Processing by PagesController#index as HTML
  Rendering pages/index.html.erb within layouts/application
  Rendered pages/index.html.erb within layouts/application (0.4ms)
Completed 200 OK in 60ms (Views: 58.4ms | ActiveRecord: 0.0ms)


Started GET "/" for 127.0.0.1 at 2017-03-03 16:10:02 +1100
Processing by PagesController#index as HTML
  Rendering pages/index.html.erb within layouts/application
  Rendered pages/index.html.erb within layouts/application (0.4ms)
Completed 200 OK in 65ms (Views: 64.5ms | ActiveRecord: 0.0ms)


Started GET "/" for 127.0.0.1 at 2017-03-03 16:11:08 +1100
Processing by PagesController#index as HTML
  Rendering pages/index.html.erb within layouts/application
  Rendered pages/index.html.erb within layouts/application (0.4ms)
Completed 200 OK in 42ms (Views: 41.1ms | ActiveRecord: 0.0ms)


Started GET "/" for 127.0.0.1 at 2017-03-03 16:11:23 +1100
Processing by PagesController#index as HTML
  Rendering pages/index.html.erb within layouts/application
  Rendered pages/index.html.erb within layouts/application (0.4ms)
Completed 200 OK in 52ms (Views: 50.8ms | ActiveRecord: 0.0ms)


Started GET "/" for 127.0.0.1 at 2017-03-03 16:11:30 +1100
Processing by PagesController#index as HTML
  Rendering pages/index.html.erb within layouts/application
  Rendered pages/index.html.erb within layouts/application (0.4ms)
Completed 200 OK in 73ms (Views: 72.3ms | ActiveRecord: 0.0ms)


Started GET "/" for 127.0.0.1 at 2017-03-03 16:11:43 +1100
Processing by PagesController#index as HTML
  Rendering pages/index.html.erb within layouts/application
  Rendered pages/index.html.erb within layouts/application (0.4ms)
Completed 200 OK in 47ms (Views: 46.0ms | ActiveRecord: 0.0ms)


Started GET "/" for 127.0.0.1 at 2017-03-03 16:11:50 +1100
Processing by PagesController#index as HTML
  Rendering pages/index.html.erb within layouts/application
  Rendered pages/index.html.erb within layouts/application (0.4ms)
Completed 200 OK in 41ms (Views: 40.5ms | ActiveRecord: 0.0ms)


Started GET "/" for 127.0.0.1 at 2017-03-03 16:11:58 +1100
Processing by PagesController#index as HTML
  Rendering pages/index.html.erb within layouts/application
  Rendered pages/index.html.erb within layouts/application (0.4ms)
Completed 200 OK in 62ms (Views: 61.5ms | ActiveRecord: 0.0ms)


Started GET "/" for 127.0.0.1 at 2017-03-03 16:12:14 +1100
Processing by PagesController#index as HTML
  Rendering pages/index.html.erb within layouts/application
  Rendered pages/index.html.erb within layouts/application (0.4ms)
Completed 200 OK in 54ms (Views: 53.6ms | ActiveRecord: 0.0ms)


Started GET "/" for 127.0.0.1 at 2017-03-03 16:12:21 +1100
Processing by PagesController#index as HTML
  Rendering pages/index.html.erb within layouts/application
  Rendered pages/index.html.erb within layouts/application (0.5ms)
Completed 200 OK in 56ms (Views: 55.7ms | ActiveRecord: 0.0ms)


Started GET "/" for 127.0.0.1 at 2017-03-03 16:14:42 +1100
Processing by PagesController#index as HTML
  Rendering pages/index.html.erb within layouts/application
  Rendered pages/index.html.erb within layouts/application (0.7ms)
Completed 200 OK in 29ms (Views: 27.2ms | ActiveRecord: 0.0ms)


Started GET "/" for 127.0.0.1 at 2017-03-03 16:14:59 +1100
Processing by PagesController#index as HTML
  Rendering pages/index.html.erb within layouts/application
  Rendered pages/index.html.erb within layouts/application (0.4ms)
Completed 500 Internal Server Error in 185ms (ActiveRecord: 0.0ms)


  
ActionView::Template::Error (undefined local variable or method `contact_url' for #<#<Class:0x007f26255e5f40>:0x007f2625eb0850>
Did you mean?  content_for):
    14:         <p class="title">TRUMP</p>
    15:         <ul class="nav">
    16:           <li><%= link_to("Home", root_path) %></li>
    17:           <li><%= link_to("Home", contact_url) %></li>
    18:         </ul>
    19:         <%= yield %>
    20:       </div>
  
app/views/layouts/application.html.erb:17:in `_app_views_layouts_application_html_erb__2575445551068955014_69900910806740'
  Rendering /home/aj/.rvm/gems/ruby-2.4.0/gems/actionpack-5.0.2/lib/action_dispatch/middleware/templates/rescues/template_error.html.erb within rescues/layout
  Rendering /home/aj/.rvm/gems/ruby-2.4.0/gems/actionpack-5.0.2/lib/action_dispatch/middleware/templates/rescues/_source.html.erb
  Rendered /home/aj/.rvm/gems/ruby-2.4.0/gems/actionpack-5.0.2/lib/action_dispatch/middleware/templates/rescues/_source.html.erb (6.1ms)
  Rendering /home/aj/.rvm/gems/ruby-2.4.0/gems/actionpack-5.0.2/lib/action_dispatch/middleware/templates/rescues/_trace.html.erb
  Rendered /home/aj/.rvm/gems/ruby-2.4.0/gems/actionpack-5.0.2/lib/action_dispatch/middleware/templates/rescues/_trace.html.erb (2.4ms)
  Rendering /home/aj/.rvm/gems/ruby-2.4.0/gems/actionpack-5.0.2/lib/action_dispatch/middleware/templates/rescues/_request_and_response.html.erb
  Rendered /home/aj/.rvm/gems/ruby-2.4.0/gems/actionpack-5.0.2/lib/action_dispatch/middleware/templates/rescues/_request_and_response.html.erb (0.9ms)
  Rendered /home/aj/.rvm/gems/ruby-2.4.0/gems/actionpack-5.0.2/lib/action_dispatch/middleware/templates/rescues/template_error.html.erb within rescues/layout (24.4ms)
Started GET "/" for 127.0.0.1 at 2017-03-03 16:15:37 +1100
Processing by PagesController#index as HTML
  Rendering pages/index.html.erb within layouts/application
  Rendered pages/index.html.erb within layouts/application (0.4ms)
Completed 500 Internal Server Error in 132ms (ActiveRecord: 0.0ms)


  
ActionView::Template::Error (undefined local variable or method `contact_pages_url' for #<#<Class:0x007f26255e5f40>:0x007f2625c690b0>
Did you mean?  content_tag_for):
    14:         <p class="title">TRUMP</p>
    15:         <ul class="nav">
    16:           <li><%= link_to("Home", root_path) %></li>
    17:           <li><%= link_to("Home", contact_pages_url) %></li>
    18:         </ul>
    19:         <%= yield %>
    20:       </div>
  
app/views/layouts/application.html.erb:17:in `_app_views_layouts_application_html_erb__2575445551068955014_69900909595200'
  Rendering /home/aj/.rvm/gems/ruby-2.4.0/gems/actionpack-5.0.2/lib/action_dispatch/middleware/templates/rescues/template_error.html.erb within rescues/layout
  Rendering /home/aj/.rvm/gems/ruby-2.4.0/gems/actionpack-5.0.2/lib/action_dispatch/middleware/templates/rescues/_source.html.erb
  Rendered /home/aj/.rvm/gems/ruby-2.4.0/gems/actionpack-5.0.2/lib/action_dispatch/middleware/templates/rescues/_source.html.erb (3.9ms)
  Rendering /home/aj/.rvm/gems/ruby-2.4.0/gems/actionpack-5.0.2/lib/action_dispatch/middleware/templates/rescues/_trace.html.erb
  Rendered /home/aj/.rvm/gems/ruby-2.4.0/gems/actionpack-5.0.2/lib/action_dispatch/middleware/templates/rescues/_trace.html.erb (1.5ms)
  Rendering /home/aj/.rvm/gems/ruby-2.4.0/gems/actionpack-5.0.2/lib/action_dispatch/middleware/templates/rescues/_request_and_response.html.erb
  Rendered /home/aj/.rvm/gems/ruby-2.4.0/gems/actionpack-5.0.2/lib/action_dispatch/middleware/templates/rescues/_request_and_response.html.erb (0.6ms)
  Rendered /home/aj/.rvm/gems/ruby-2.4.0/gems/actionpack-5.0.2/lib/action_dispatch/middleware/templates/rescues/template_error.html.erb within rescues/layout (18.0ms)
Started GET "/" for 127.0.0.1 at 2017-03-03 16:15:46 +1100
Processing by PagesController#index as HTML
  Rendering pages/index.html.erb within layouts/application
  Rendered pages/index.html.erb within layouts/application (0.5ms)
Completed 200 OK in 29ms (Views: 27.8ms | ActiveRecord: 0.0ms)


Started GET "/" for 127.0.0.1 at 2017-03-03 16:16:09 +1100
Processing by PagesController#index as HTML
  Rendering pages/index.html.erb within layouts/application
  Rendered pages/index.html.erb within layouts/application (0.4ms)
Completed 200 OK in 55ms (Views: 54.2ms | ActiveRecord: 0.0ms)


Started GET "/" for 127.0.0.1 at 2017-03-03 16:16:29 +1100
Processing by PagesController#index as HTML
  Rendering pages/index.html.erb within layouts/application
  Rendered pages/index.html.erb within layouts/application (0.4ms)
Completed 200 OK in 46ms (Views: 45.6ms | ActiveRecord: 0.0ms)


Started GET "/" for 127.0.0.1 at 2017-03-03 16:16:39 +1100
Processing by PagesController#index as HTML
  Rendering pages/index.html.erb within layouts/application
  Rendered pages/index.html.erb within layouts/application (0.3ms)
Completed 200 OK in 23ms (Views: 22.1ms | ActiveRecord: 0.0ms)


Started GET "/pages/contact" for 127.0.0.1 at 2017-03-03 16:16:42 +1100
Processing by PagesController#contact as HTML
  Rendering pages/contact.html.erb within layouts/application
  Rendered pages/contact.html.erb within layouts/application (0.3ms)
Completed 200 OK in 17ms (Views: 14.3ms | ActiveRecord: 0.0ms)


Started GET "/pages/contact" for 127.0.0.1 at 2017-03-03 16:17:16 +1100
Processing by PagesController#contact as HTML
  Rendering pages/contact.html.erb within layouts/application
  Rendered pages/contact.html.erb within layouts/application (0.3ms)
Completed 200 OK in 39ms (Views: 38.1ms | ActiveRecord: 0.0ms)


Started GET "/" for 127.0.0.1 at 2017-03-03 16:17:20 +1100
Processing by PagesController#index as HTML
  Rendering pages/index.html.erb within layouts/application
  Rendered pages/index.html.erb within layouts/application (0.5ms)
Completed 200 OK in 22ms (Views: 20.8ms | ActiveRecord: 0.0ms)


Started GET "/" for 127.0.0.1 at 2017-03-03 16:24:12 +1100
Processing by PagesController#index as HTML
  Rendering pages/index.html.erb within layouts/application
  Rendered pages/index.html.erb within layouts/application (0.4ms)
Completed 200 OK in 55ms (Views: 53.8ms | ActiveRecord: 0.0ms)


Started GET "/" for 127.0.0.1 at 2017-03-03 16:28:30 +1100
Processing by PagesController#index as HTML
  Rendering pages/index.html.erb within layouts/application
  Rendered pages/index.html.erb within layouts/application (0.4ms)
Completed 200 OK in 80ms (Views: 78.8ms | ActiveRecord: 0.0ms)


Started GET "/" for 127.0.0.1 at 2017-03-03 16:28:40 +1100
Processing by PagesController#index as HTML
  Rendering pages/index.html.erb within layouts/application
  Rendered pages/index.html.erb within layouts/application (0.6ms)
Completed 200 OK in 61ms (Views: 59.8ms | ActiveRecord: 0.0ms)


Started GET "/" for 127.0.0.1 at 2017-03-03 16:28:55 +1100
Processing by PagesController#index as HTML
  Rendering pages/index.html.erb within layouts/application
  Rendered pages/index.html.erb within layouts/application (0.3ms)
Completed 200 OK in 38ms (Views: 36.9ms | ActiveRecord: 0.0ms)


Started GET "/" for 127.0.0.1 at 2017-03-03 16:29:24 +1100
Processing by PagesController#index as HTML
  Rendering pages/index.html.erb within layouts/application
  Rendered pages/index.html.erb within layouts/application (0.4ms)
Completed 200 OK in 63ms (Views: 62.5ms | ActiveRecord: 0.0ms)


Started GET "/" for 127.0.0.1 at 2017-03-03 16:30:52 +1100
Processing by PagesController#index as HTML
  Rendering pages/index.html.erb within layouts/application
  Rendered pages/index.html.erb within layouts/application (0.5ms)
Completed 200 OK in 58ms (Views: 56.6ms | ActiveRecord: 0.0ms)


Started GET "/" for 127.0.0.1 at 2017-03-03 16:31:10 +1100
Processing by PagesController#index as HTML
  Rendering pages/index.html.erb within layouts/application
  Rendered pages/index.html.erb within layouts/application (0.6ms)
Completed 200 OK in 84ms (Views: 83.0ms | ActiveRecord: 0.0ms)


Started GET "/" for 127.0.0.1 at 2017-03-03 16:31:46 +1100
Processing by PagesController#index as HTML
  Rendering pages/index.html.erb within layouts/application
  Rendered pages/index.html.erb within layouts/application (0.8ms)
Completed 200 OK in 67ms (Views: 65.6ms | ActiveRecord: 0.0ms)


Started GET "/pages/about" for 127.0.0.1 at 2017-03-03 16:32:03 +1100
  
ActionController::RoutingError (No route matches [GET] "/pages/about"):
  
actionpack (5.0.2) lib/action_dispatch/middleware/debug_exceptions.rb:53:in `call'
web-console (3.4.0) lib/web_console/middleware.rb:135:in `call_app'
web-console (3.4.0) lib/web_console/middleware.rb:28:in `block in call'
web-console (3.4.0) lib/web_console/middleware.rb:18:in `catch'
web-console (3.4.0) lib/web_console/middleware.rb:18:in `call'
actionpack (5.0.2) lib/action_dispatch/middleware/show_exceptions.rb:31:in `call'
railties (5.0.2) lib/rails/rack/logger.rb:36:in `call_app'
railties (5.0.2) lib/rails/rack/logger.rb:24:in `block in call'
activesupport (5.0.2) lib/active_support/tagged_logging.rb:69:in `block in tagged'
activesupport (5.0.2) lib/active_support/tagged_logging.rb:26:in `tagged'
activesupport (5.0.2) lib/active_support/tagged_logging.rb:69:in `tagged'
railties (5.0.2) lib/rails/rack/logger.rb:24:in `call'
sprockets-rails (3.2.0) lib/sprockets/rails/quiet_assets.rb:13:in `call'
actionpack (5.0.2) lib/action_dispatch/middleware/request_id.rb:24:in `call'
rack (2.0.1) lib/rack/method_override.rb:22:in `call'
rack (2.0.1) lib/rack/runtime.rb:22:in `call'
activesupport (5.0.2) lib/active_support/cache/strategy/local_cache_middleware.rb:28:in `call'
actionpack (5.0.2) lib/action_dispatch/middleware/executor.rb:12:in `call'
actionpack (5.0.2) lib/action_dispatch/middleware/static.rb:136:in `call'
rack (2.0.1) lib/rack/sendfile.rb:111:in `call'
railties (5.0.2) lib/rails/engine.rb:522:in `call'
puma (3.7.1) lib/puma/configuration.rb:232:in `call'
puma (3.7.1) lib/puma/server.rb:578:in `handle_request'
puma (3.7.1) lib/puma/server.rb:415:in `process_client'
puma (3.7.1) lib/puma/server.rb:275:in `block in run'
puma (3.7.1) lib/puma/thread_pool.rb:120:in `block in spawn_thread'
  Rendering /home/aj/.rvm/gems/ruby-2.4.0/gems/actionpack-5.0.2/lib/action_dispatch/middleware/templates/rescues/routing_error.html.erb within rescues/layout
  Rendering /home/aj/.rvm/gems/ruby-2.4.0/gems/actionpack-5.0.2/lib/action_dispatch/middleware/templates/rescues/_trace.html.erb
  Rendered /home/aj/.rvm/gems/ruby-2.4.0/gems/actionpack-5.0.2/lib/action_dispatch/middleware/templates/rescues/_trace.html.erb (1.4ms)
  Rendered collection of /home/aj/.rvm/gems/ruby-2.4.0/gems/actionpack-5.0.2/lib/action_dispatch/middleware/templates/routes/_route.html.erb [3 times] (1.6ms)
  Rendered /home/aj/.rvm/gems/ruby-2.4.0/gems/actionpack-5.0.2/lib/action_dispatch/middleware/templates/routes/_table.html.erb (0.8ms)
  Rendering /home/aj/.rvm/gems/ruby-2.4.0/gems/actionpack-5.0.2/lib/action_dispatch/middleware/templates/rescues/_request_and_response.html.erb
  Rendered /home/aj/.rvm/gems/ruby-2.4.0/gems/actionpack-5.0.2/lib/action_dispatch/middleware/templates/rescues/_request_and_response.html.erb (0.7ms)
  Rendered /home/aj/.rvm/gems/ruby-2.4.0/gems/actionpack-5.0.2/lib/action_dispatch/middleware/templates/rescues/routing_error.html.erb within rescues/layout (31.6ms)
Started GET "/" for 127.0.0.1 at 2017-03-03 16:33:33 +1100
Processing by PagesController#index as HTML
  Rendering pages/index.html.erb within layouts/application
  Rendered pages/index.html.erb within layouts/application (0.4ms)
Completed 200 OK in 16ms (Views: 15.3ms | ActiveRecord: 0.0ms)


Started GET "/" for 127.0.0.1 at 2017-03-03 16:34:10 +1100
Processing by PagesController#index as HTML
  Rendering pages/index.html.erb within layouts/application
  Rendered pages/index.html.erb within layouts/application (0.5ms)
Completed 200 OK in 35ms (Views: 34.0ms | ActiveRecord: 0.0ms)


Started GET "/pages/contact" for 127.0.0.1 at 2017-03-03 16:34:16 +1100
Processing by PagesController#contact as HTML
  Rendering pages/contact.html.erb within layouts/application
  Rendered pages/contact.html.erb within layouts/application (0.3ms)
Completed 200 OK in 22ms (Views: 21.3ms | ActiveRecord: 0.0ms)


Started GET "/" for 127.0.0.1 at 2017-03-03 16:35:25 +1100
Processing by PagesController#index as HTML
  Rendering pages/index.html.erb within layouts/application
  Rendered pages/index.html.erb within layouts/application (0.4ms)
Completed 200 OK in 12ms (Views: 11.7ms | ActiveRecord: 0.0ms)


Started GET "/" for 127.0.0.1 at 2017-03-03 16:44:44 +1100
Processing by PagesController#index as HTML
  Rendering pages/index.html.erb within layouts/application
  Rendered pages/index.html.erb within layouts/application (0.4ms)
Completed 200 OK in 17ms (Views: 16.0ms | ActiveRecord: 0.0ms)


Started GET "/" for 127.0.0.1 at 2017-03-03 16:45:00 +1100
Processing by PagesController#index as HTML
  Rendering pages/index.html.erb within layouts/application
  Rendered pages/index.html.erb within layouts/application (0.4ms)
Completed 200 OK in 54ms (Views: 53.2ms | ActiveRecord: 0.0ms)


Started GET "/" for 127.0.0.1 at 2017-03-06 13:05:10 +1100
Processing by PagesController#index as HTML
  Rendering pages/index.html.erb within layouts/application
  Rendered pages/index.html.erb within layouts/application (1.7ms)
Completed 200 OK in 628ms (Views: 619.8ms | ActiveRecord: 0.0ms)


Started GET "/pages/contact" for 127.0.0.1 at 2017-03-06 13:05:23 +1100
Processing by PagesController#contact as HTML
  Rendering pages/contact.html.erb within layouts/application
  Rendered pages/contact.html.erb within layouts/application (0.5ms)
Completed 200 OK in 25ms (Views: 23.3ms | ActiveRecord: 0.0ms)


Started GET "/pages/contact" for 127.0.0.1 at 2017-03-06 13:05:37 +1100
Processing by PagesController#contact as HTML
  Rendering pages/contact.html.erb within layouts/application
  Rendered pages/contact.html.erb within layouts/application (1.1ms)
Completed 200 OK in 84ms (Views: 81.2ms | ActiveRecord: 0.0ms)


Started GET "/" for 127.0.0.1 at 2017-03-06 14:22:56 +1100
Processing by PagesController#index as HTML
  Rendering pages/index.html.erb within layouts/application
  Rendered pages/index.html.erb within layouts/application (2.9ms)
Completed 200 OK in 52ms (Views: 49.1ms | ActiveRecord: 0.0ms)


Started GET "/pages/contact" for 127.0.0.1 at 2017-03-06 15:51:27 +1100
Processing by PagesController#contact as HTML
  Rendering pages/contact.html.erb within layouts/application
  Rendered pages/contact.html.erb within layouts/application (0.3ms)
Completed 200 OK in 18ms (Views: 16.7ms | ActiveRecord: 0.0ms)


